<?xml version="1.0" encoding="UTF-8"?>
<!-- Generated by org.testng.reporters.JUnitXMLReporter -->
<testsuite ignored="0" hostname="JessesHP" failures="1" tests="5" name="Default test" time="124.668" errors="0" timestamp="2023-05-15T07:40:53 EDT">
  <testcase classname="testCases.SmokeTests.LeftMenusSmoke" name="leftMenusSmoke" time="33.305"/>
  <testcase classname="testCases.SmokeTests.LeftMenusSmoke" name="leftMenusSmoke" time="13.021">
    <failure type="java.lang.AssertionError" message="Validate URL Changed to https://test-search-2my7afm7yq-ue.a.run.app/ expected [true] but found [false]">
      <![CDATA[java.lang.AssertionError: Validate URL Changed to https://test-search-2my7afm7yq-ue.a.run.app/ expected [true] but found [false]
at org.testng.Assert.fail(Assert.java:110)
at org.testng.Assert.failNotEquals(Assert.java:1577)
at org.testng.Assert.assertTrue(Assert.java:56)
at pageFactories.diSearchMenusPageFactory.<init>(diSearchMenusPageFactory.java:54)
at pageFactories.SearchPageFactory.<init>(SearchPageFactory.java:22)
at testCases.ModularTests.LoginMod.login(LoginMod.java:49)
at testCases.SmokeTests.LeftMenusSmoke.leftMenusSmoke(LeftMenusSmoke.java:23)
at java.base/jdk.internal.reflect.NativeMethodAccessorImpl.invoke0(Native Method)
at java.base/jdk.internal.reflect.NativeMethodAccessorImpl.invoke(NativeMethodAccessorImpl.java:77)
at java.base/jdk.internal.reflect.DelegatingMethodAccessorImpl.invoke(DelegatingMethodAccessorImpl.java:43)
at java.base/java.lang.reflect.Method.invoke(Method.java:568)
at org.testng.internal.invokers.MethodInvocationHelper.invokeMethod(MethodInvocationHelper.java:139)
at org.testng.internal.invokers.TestInvoker.invokeMethod(TestInvoker.java:677)
at org.testng.internal.invokers.TestInvoker.invokeTestMethod(TestInvoker.java:221)
at org.testng.internal.invokers.MethodRunner.runInSequence(MethodRunner.java:50)
at org.testng.internal.invokers.TestInvoker$MethodInvocationAgent.invoke(TestInvoker.java:969)
at org.testng.internal.invokers.TestInvoker.invokeTestMethods(TestInvoker.java:194)
at org.testng.internal.invokers.TestMethodWorker.invokeTestMethods(TestMethodWorker.java:148)
at org.testng.internal.invokers.TestMethodWorker.run(TestMethodWorker.java:128)
at java.base/java.util.ArrayList.forEach(ArrayList.java:1511)
at org.testng.TestRunner.privateRun(TestRunner.java:829)
at org.testng.TestRunner.run(TestRunner.java:602)
at org.testng.SuiteRunner.runTest(SuiteRunner.java:437)
at org.testng.SuiteRunner.runSequentially(SuiteRunner.java:431)
at org.testng.SuiteRunner.privateRun(SuiteRunner.java:391)
at org.testng.SuiteRunner.run(SuiteRunner.java:330)
at org.testng.SuiteRunnerWorker.runSuite(SuiteRunnerWorker.java:52)
at org.testng.SuiteRunnerWorker.run(SuiteRunnerWorker.java:95)
at org.testng.TestNG.runSuitesSequentially(TestNG.java:1256)
at org.testng.TestNG.runSuitesLocally(TestNG.java:1176)
at org.testng.TestNG.runSuites(TestNG.java:1099)
at org.testng.TestNG.run(TestNG.java:1067)
at org.testng.remote.AbstractRemoteTestNG.run(AbstractRemoteTestNG.java:115)
at org.testng.remote.RemoteTestNG.initAndRun(RemoteTestNG.java:251)
at org.testng.remote.RemoteTestNG.main(RemoteTestNG.java:77)
]]>
    </failure>
  </testcase> <!-- leftMenusSmoke -->
  <testcase classname="testCases.SmokeTests.LeftMenusSmoke" name="leftMenusSmoke" time="22.919"/>
  <testcase classname="testCases.SmokeTests.LeftMenusSmoke" name="leftMenusSmoke" time="22.358"/>
  <testcase classname="testCases.SmokeTests.LeftMenusSmoke" name="leftMenusSmoke" time="22.345"/>
</testsuite> <!-- Default test -->
