<?xml version="1.0" encoding="UTF-8"?>
<!-- Generated by org.testng.reporters.JUnitXMLReporter -->
<testsuite ignored="0" hostname="JessesHP" failures="0" tests="25" name="Default test" time="207.973" errors="0" timestamp="2023-05-25T14:25:44 EDT">
  <testcase classname="testCases.SmokeTests.SettingsMenusSmoke" name="TopMenusSmokeTest" time="9.876"/>
  <testcase classname="testCases.SmokeTests.SettingsMenusSmoke" name="TopMenusSmokeTest" time="8.004"/>
  <testcase classname="testCases.SmokeTests.SettingsMenusSmoke" name="TopMenusSmokeTest" time="7.589"/>
  <testcase classname="testCases.SmokeTests.SettingsMenusSmoke" name="TopMenusSmokeTest" time="10.139"/>
  <testcase classname="testCases.SmokeTests.SettingsMenusSmoke" name="TopMenusSmokeTest" time="8.101"/>
  <testcase classname="testCases.SmokeTests.SettingsMenusSmoke" name="TopMenusSmokeTest" time="8.288"/>
  <testcase classname="testCases.SmokeTests.SettingsMenusSmoke" name="TopMenusSmokeTest" time="7.996"/>
  <testcase classname="testCases.SmokeTests.SettingsMenusSmoke" name="TopMenusSmokeTest" time="7.974"/>
  <testcase classname="testCases.SmokeTests.SettingsMenusSmoke" name="TopMenusSmokeTest" time="7.89"/>
  <testcase classname="testCases.SmokeTests.SettingsMenusSmoke" name="TopMenusSmokeTest" time="7.886"/>
  <testcase classname="testCases.SmokeTests.SettingsMenusSmoke" name="TopMenusSmokeTest" time="7.921"/>
  <testcase classname="testCases.SmokeTests.SettingsMenusSmoke" name="TopMenusSmokeTest" time="7.83"/>
  <testcase classname="testCases.SmokeTests.SettingsMenusSmoke" name="TopMenusSmokeTest" time="7.9"/>
  <testcase classname="testCases.SmokeTests.SettingsMenusSmoke" name="TopMenusSmokeTest" time="7.816"/>
  <testcase classname="testCases.SmokeTests.SettingsMenusSmoke" name="TopMenusSmokeTest" time="7.409"/>
  <testcase classname="testCases.SmokeTests.SettingsMenusSmoke" name="TopMenusSmokeTest" time="8.059"/>
  <testcase classname="testCases.SmokeTests.SettingsMenusSmoke" name="TopMenusSmokeTest" time="7.709"/>
  <testcase classname="testCases.SmokeTests.SettingsMenusSmoke" name="TopMenusSmokeTest" time="7.486"/>
  <testcase classname="testCases.SmokeTests.SettingsMenusSmoke" name="TopMenusSmokeTest" time="7.783"/>
  <testcase classname="testCases.SmokeTests.SettingsMenusSmoke" name="TopMenusSmokeTest" time="7.999"/>
  <testcase classname="testCases.SmokeTests.SettingsMenusSmoke" name="TopMenusSmokeTest" time="7.691"/>
  <testcase classname="testCases.SmokeTests.SettingsMenusSmoke" name="TopMenusSmokeTest" time="7.938"/>
  <testcase classname="testCases.SmokeTests.SettingsMenusSmoke" name="TopMenusSmokeTest" time="7.792"/>
  <testcase classname="testCases.SmokeTests.SettingsMenusSmoke" name="TopMenusSmokeTest" time="8.023"/>
  <testcase classname="testCases.SmokeTests.SettingsMenusSmoke" name="TopMenusSmokeTest" time="8.337"/>
</testsuite> <!-- Default test -->
