<?xml version="1.0" encoding="UTF-8"?>
<testng-results ignored="0" total="1" passed="1" failed="0" skipped="0">
  <reporter-output>
    <line>
      <![CDATA[Method: setEmail]]>
    </line>
    <line>
      <![CDATA[]]>
    </line>
    <line>
      <![CDATA[Method: setPassword]]>
    </line>
    <line>
      <![CDATA[]]>
    </line>
    <line>
      <![CDATA[Method: readEmail]]>
    </line>
    <line>
      <![CDATA[]]>
    </line>
  </reporter-output>
  <suite started-at="2023-04-05T15:51:44 EDT" name="Default suite" finished-at="2023-04-05T15:51:54 EDT" duration-ms="10331">
    <groups>
    </groups>
    <test started-at="2023-04-05T15:51:44 EDT" name="Default test" finished-at="2023-04-05T15:51:54 EDT" duration-ms="10331">
      <class name="testCases.Login.Login">
        <test-method signature="loginTest()[pri:0, instance:testCases.Login.Login@65c7a252]" started-at="2023-04-05T15:51:44 EDT" name="loginTest" finished-at="2023-04-05T15:51:53 EDT" duration-ms="9855" status="PASS">
          <reporter-output>
            <line>
              <![CDATA[Method: setEmail]]>
            </line>
            <line>
              <![CDATA[]]>
            </line>
            <line>
              <![CDATA[Method: setPassword]]>
            </line>
            <line>
              <![CDATA[]]>
            </line>
            <line>
              <![CDATA[Method: readEmail]]>
            </line>
            <line>
              <![CDATA[]]>
            </line>
          </reporter-output>
        </test-method> <!-- loginTest -->
        <test-method is-config="true" signature="afterMethod(org.testng.ITestResult)[pri:0, instance:testCases.Login.Login@65c7a252]" started-at="2023-04-05T15:51:53 EDT" name="afterMethod" finished-at="2023-04-05T15:51:53 EDT" duration-ms="0" status="PASS">
          <params>
            <param index="0">
              <value>
                <![CDATA[[TestResult name=loginTest status=SUCCESS method=Login.loginTest()[pri:0, instance:testCases.Login.Login@65c7a252] output=Method: setEmail]]]>
              </value>
            </param>
          </params>
          <reporter-output>
          </reporter-output>
        </test-method> <!-- afterMethod -->
        <test-method is-config="true" signature="afterClass()[pri:0, instance:testCases.Login.Login@65c7a252]" started-at="2023-04-05T15:51:53 EDT" name="afterClass" finished-at="2023-04-05T15:51:54 EDT" duration-ms="442" status="PASS">
          <reporter-output>
          </reporter-output>
        </test-method> <!-- afterClass -->
      </class> <!-- testCases.Login.Login -->
    </test> <!-- Default test -->
  </suite> <!-- Default suite -->
</testng-results>
