<?xml version="1.0" encoding="UTF-8"?>
<testng-results ignored="0" total="1" passed="1" failed="0" skipped="0">
  <reporter-output>
    <line>
      <![CDATA[Beginning Login Smoke Test...]]>
    </line>
    <line>
      <![CDATA[Beginning Login Modular Test...]]>
    </line>
    <line>
      <![CDATA[Waiting for page to load completely...]]>
    </line>
    <line>
      <![CDATA[The page '' is fully loaded now.]]>
    </line>
    <line>
      <![CDATA[Method: setEmail]]>
    </line>
    <line>
      <![CDATA[Method: setPassword]]>
    </line>
    <line>
      <![CDATA[Method: readEmail]]>
    </line>
    <line>
      <![CDATA[Email Address: jesse.childress@aretecinc.com]]>
    </line>
    <line>
      <![CDATA[Expected URL: https://test-search-2my7afm7yq-ue.a.run.app/]]>
    </line>
    <line>
      <![CDATA[Current URL : https://test-search-2my7afm7yq-ue.a.run.app/]]>
    </line>
    <line>
      <![CDATA[Waiting for page to load completely...]]>
    </line>
    <line>
      <![CDATA[The page '' is fully loaded now.]]>
    </line>
  </reporter-output>
  <suite started-at="2023-05-03T15:25:51 EDT" name="Default suite" finished-at="2023-05-03T15:26:01 EDT" duration-ms="10261">
    <groups>
    </groups>
    <test started-at="2023-05-03T15:25:51 EDT" name="Default test" finished-at="2023-05-03T15:26:01 EDT" duration-ms="10261">
      <class name="testCases.SmokeTests.LoginSmoke">
        <test-method signature="loginSmokeTest()[pri:0, instance:testCases.SmokeTests.LoginSmoke@6d60fe40]" started-at="2023-05-03T15:25:51 EDT" name="loginSmokeTest" finished-at="2023-05-03T15:26:00 EDT" duration-ms="8667" status="PASS">
          <reporter-output>
            <line>
              <![CDATA[Beginning Login Smoke Test...]]>
            </line>
            <line>
              <![CDATA[Beginning Login Modular Test...]]>
            </line>
            <line>
              <![CDATA[Waiting for page to load completely...]]>
            </line>
            <line>
              <![CDATA[The page '' is fully loaded now.]]>
            </line>
            <line>
              <![CDATA[Method: setEmail]]>
            </line>
            <line>
              <![CDATA[Method: setPassword]]>
            </line>
            <line>
              <![CDATA[Method: readEmail]]>
            </line>
            <line>
              <![CDATA[Email Address: jesse.childress@aretecinc.com]]>
            </line>
            <line>
              <![CDATA[Expected URL: https://test-search-2my7afm7yq-ue.a.run.app/]]>
            </line>
            <line>
              <![CDATA[Current URL : https://test-search-2my7afm7yq-ue.a.run.app/]]>
            </line>
            <line>
              <![CDATA[Waiting for page to load completely...]]>
            </line>
            <line>
              <![CDATA[The page '' is fully loaded now.]]>
            </line>
          </reporter-output>
        </test-method> <!-- loginSmokeTest -->
        <test-method is-config="true" signature="afterMethod(org.testng.ITestResult)[pri:0, instance:testCases.SmokeTests.LoginSmoke@6d60fe40]" started-at="2023-05-03T15:26:00 EDT" name="afterMethod" finished-at="2023-05-03T15:26:01 EDT" duration-ms="1505" status="PASS">
          <params>
            <param index="0">
              <value>
                <![CDATA[[TestResult name=loginSmokeTest status=SUCCESS method=LoginSmoke.loginSmokeTest()[pri:0, instance:testCases.SmokeTests.LoginSmoke@6d60fe40] output=Beginning Login Smoke Test...]]]>
              </value>
            </param>
          </params>
          <reporter-output>
          </reporter-output>
        </test-method> <!-- afterMethod -->
        <test-method is-config="true" signature="afterClass()[pri:0, instance:testCases.SmokeTests.LoginSmoke@6d60fe40]" started-at="2023-05-03T15:26:01 EDT" name="afterClass" finished-at="2023-05-03T15:26:01 EDT" duration-ms="0" status="PASS">
          <reporter-output>
          </reporter-output>
        </test-method> <!-- afterClass -->
      </class> <!-- testCases.SmokeTests.LoginSmoke -->
    </test> <!-- Default test -->
  </suite> <!-- Default suite -->
</testng-results>
