<?xml version="1.0" encoding="UTF-8"?>
<testng-results ignored="0" total="1" passed="1" failed="0" skipped="0">
  <reporter-output>
    <line>
      <![CDATA[Method: setEmail]]>
    </line>
    <line>
      <![CDATA[]]>
    </line>
    <line>
      <![CDATA[Method: setPassword]]>
    </line>
    <line>
      <![CDATA[]]>
    </line>
    <line>
      <![CDATA[Method: readEmail]]>
    </line>
    <line>
      <![CDATA[]]>
    </line>
    <line>
      <![CDATA[Waiting for page to load completely...]]>
    </line>
    <line>
      <![CDATA[The page 'Aretec Search' is fully loaded now.]]>
    </line>
    <line>
      <![CDATA[Method: setSearchField]]>
    </line>
    <line>
      <![CDATA[]]>
    </line>
  </reporter-output>
  <suite started-at="2023-04-07T11:55:22 EDT" name="Default suite" finished-at="2023-04-07T11:55:33 EDT" duration-ms="10770">
    <groups>
    </groups>
    <test started-at="2023-04-07T11:55:22 EDT" name="Default test" finished-at="2023-04-07T11:55:33 EDT" duration-ms="10770">
      <class name="testCases.Login.Login">
        <test-method signature="loginTest()[pri:0, instance:testCases.Login.Login@f09733f]" started-at="2023-04-07T11:55:22 EDT" name="loginTest" finished-at="2023-04-07T11:55:32 EDT" duration-ms="10224" status="PASS">
          <reporter-output>
            <line>
              <![CDATA[Method: setEmail]]>
            </line>
            <line>
              <![CDATA[]]>
            </line>
            <line>
              <![CDATA[Method: setPassword]]>
            </line>
            <line>
              <![CDATA[]]>
            </line>
            <line>
              <![CDATA[Method: readEmail]]>
            </line>
            <line>
              <![CDATA[]]>
            </line>
            <line>
              <![CDATA[Waiting for page to load completely...]]>
            </line>
            <line>
              <![CDATA[The page 'Aretec Search' is fully loaded now.]]>
            </line>
            <line>
              <![CDATA[Method: setSearchField]]>
            </line>
            <line>
              <![CDATA[]]>
            </line>
          </reporter-output>
        </test-method> <!-- loginTest -->
        <test-method is-config="true" signature="afterMethod(org.testng.ITestResult)[pri:0, instance:testCases.Login.Login@f09733f]" started-at="2023-04-07T11:55:32 EDT" name="afterMethod" finished-at="2023-04-07T11:55:33 EDT" duration-ms="512" status="PASS">
          <params>
            <param index="0">
              <value>
                <![CDATA[[TestResult name=loginTest status=SUCCESS method=Login.loginTest()[pri:0, instance:testCases.Login.Login@f09733f] output=Method: setEmail]]]>
              </value>
            </param>
          </params>
          <reporter-output>
          </reporter-output>
        </test-method> <!-- afterMethod -->
        <test-method is-config="true" signature="afterClass()[pri:0, instance:testCases.Login.Login@f09733f]" started-at="2023-04-07T11:55:33 EDT" name="afterClass" finished-at="2023-04-07T11:55:33 EDT" duration-ms="1" status="PASS">
          <reporter-output>
          </reporter-output>
        </test-method> <!-- afterClass -->
      </class> <!-- testCases.Login.Login -->
    </test> <!-- Default test -->
  </suite> <!-- Default suite -->
</testng-results>
